<?xml version="1.0" encoding="UTF-8"?>
<testng-results skipped="0" failed="0" ignored="0" total="2" passed="2">
  <reporter-output>
  </reporter-output>
  <suite name="ActiTimeTests" duration-ms="37321" started-at="2022-09-08T19:54:28 IST" finished-at="2022-09-08T19:55:05 IST">
    <groups>
    </groups>
    <test name="LoginSmokeSuite" duration-ms="37321" started-at="2022-09-08T19:54:28 IST" finished-at="2022-09-08T19:55:05 IST">
      <class name="com.actitime.tests.Login">
        <test-method status="PASS" signature="beoreTest()[pri:0, instance:com.actitime.tests.Login@7ce69770]" name="beoreTest" is-config="true" duration-ms="12" started-at="2022-09-08T19:54:28 IST" finished-at="2022-09-08T19:54:28 IST">
          <reporter-output>
          </reporter-output>
        </test-method> <!-- beoreTest -->
        <test-method status="PASS" signature="beforeClass()[pri:0, instance:com.actitime.tests.Login@7ce69770]" name="beforeClass" is-config="true" duration-ms="1" started-at="2022-09-08T19:54:28 IST" finished-at="2022-09-08T19:54:28 IST">
          <reporter-output>
          </reporter-output>
        </test-method> <!-- beforeClass -->
        <test-method status="PASS" signature="launchApplication()[pri:0, instance:com.actitime.tests.Login@7ce69770]" name="launchApplication" is-config="true" duration-ms="16087" started-at="2022-09-08T19:54:28 IST" finished-at="2022-09-08T19:54:44 IST">
          <reporter-output>
          </reporter-output>
        </test-method> <!-- launchApplication -->
        <test-method status="PASS" signature="login_001()[pri:0, instance:com.actitime.tests.Login@7ce69770]" name="login_001" duration-ms="5148" started-at="2022-09-08T19:54:44 IST" finished-at="2022-09-08T19:54:50 IST">
          <reporter-output>
          </reporter-output>
        </test-method> <!-- login_001 -->
        <test-method status="PASS" signature="closeBrowser()[pri:0, instance:com.actitime.tests.Login@7ce69770]" name="closeBrowser" is-config="true" duration-ms="843" started-at="2022-09-08T19:54:50 IST" finished-at="2022-09-08T19:54:50 IST">
          <reporter-output>
          </reporter-output>
        </test-method> <!-- closeBrowser -->
        <test-method status="PASS" signature="launchApplication()[pri:0, instance:com.actitime.tests.Login@7ce69770]" name="launchApplication" is-config="true" duration-ms="9316" started-at="2022-09-08T19:54:50 IST" finished-at="2022-09-08T19:55:00 IST">
          <reporter-output>
          </reporter-output>
        </test-method> <!-- launchApplication -->
        <test-method status="PASS" signature="login_002()[pri:0, instance:com.actitime.tests.Login@7ce69770]" name="login_002" duration-ms="4354" started-at="2022-09-08T19:55:00 IST" finished-at="2022-09-08T19:55:04 IST">
          <reporter-output>
          </reporter-output>
        </test-method> <!-- login_002 -->
        <test-method status="PASS" signature="closeBrowser()[pri:0, instance:com.actitime.tests.Login@7ce69770]" name="closeBrowser" is-config="true" duration-ms="761" started-at="2022-09-08T19:55:04 IST" finished-at="2022-09-08T19:55:05 IST">
          <reporter-output>
          </reporter-output>
        </test-method> <!-- closeBrowser -->
        <test-method status="PASS" signature="afterClass()[pri:0, instance:com.actitime.tests.Login@7ce69770]" name="afterClass" is-config="true" duration-ms="0" started-at="2022-09-08T19:55:05 IST" finished-at="2022-09-08T19:55:05 IST">
          <reporter-output>
          </reporter-output>
        </test-method> <!-- afterClass -->
        <test-method status="PASS" signature="afterTest()[pri:0, instance:com.actitime.tests.Login@7ce69770]" name="afterTest" is-config="true" duration-ms="1" started-at="2022-09-08T19:55:05 IST" finished-at="2022-09-08T19:55:05 IST">
          <reporter-output>
          </reporter-output>
        </test-method> <!-- afterTest -->
      </class> <!-- com.actitime.tests.Login -->
    </test> <!-- LoginSmokeSuite -->
  </suite> <!-- ActiTimeTests -->
</testng-results>
